#
# There is insufficient memory for the Java Runtime Environment to continue.
# Native memory allocation (malloc) failed to allocate 668256 bytes for Chunk::new
# Possible reasons:
#   The system is out of physical RAM or swap space
#   The process is running with CompressedOops enabled, and the Java Heap may be blocking the growth of the native heap
# Possible solutions:
#   Reduce memory load on the system
#   Increase physical memory or swap space
#   Check if swap backing store is full
#   Decrease Java heap size (-Xmx/-Xms)
#   Decrease number of Java threads
#   Decrease Java thread stack sizes (-Xss)
#   Set larger code cache with -XX:ReservedCodeCacheSize=
#   JVM is running with Unscaled Compressed Oops mode in which the Java heap is
#     placed in the first 4GB address space. The Java Heap base address is the
#     maximum limit for the native heap growth. Please use -XX:HeapBaseMinAddress
#     to set the Java Heap base and to place the Java Heap above 4GB virtual address.
# This output file may be truncated or incomplete.
#
#  Out of Memory Error (allocation.cpp:389), pid=13416, tid=0x00000000000026b8
#
# JRE version: Java(TM) SE Runtime Environment (8.0_301-b09) (build 1.8.0_301-b09)
# Java VM: Java HotSpot(TM) 64-Bit Server VM (25.301-b09 mixed mode windows-amd64 compressed oops)
# Failed to write core dump. Minidumps are not enabled by default on client versions of Windows
#

---------------  T H R E A D  ---------------

Current thread (0x00000220fdbb6800):  JavaThread "C2 CompilerThread2" daemon [_thread_in_native, id=9912, stack(0x0000007c15b00000,0x0000007c15c00000)]

Stack: [0x0000007c15b00000,0x0000007c15c00000]
Native frames: (J=compiled Java code, j=interpreted, Vv=VM code, C=native code)
V  [jvm.dll+0x32ed79]
V  [jvm.dll+0x275722]
V  [jvm.dll+0x2763cd]
V  [jvm.dll+0x26ce05]
V  [jvm.dll+0xd551c]
V  [jvm.dll+0xd5d1c]
V  [jvm.dll+0x452c72]
V  [jvm.dll+0x48dcdd]
V  [jvm.dll+0x4421d0]
V  [jvm.dll+0x43fee4]
V  [jvm.dll+0x42ae57]
V  [jvm.dll+0xac1bb]
V  [jvm.dll+0xaa81b]
V  [jvm.dll+0x23ddc2]
V  [jvm.dll+0x2923dc]
C  [ucrtbase.dll+0x21bb2]
C  [KERNEL32.DLL+0x17034]
C  [ntdll.dll+0x52651]


Current CompileTask:
C2: 530001 21758       4       org.gradle.api.internal.artifacts.ivyservice.resolveengine.graph.builder.DependencyGraphBuilder::resolveEdges (43 bytes)


---------------  P R O C E S S  ---------------

Java Threads: ( => current thread )
  0x0000022093075000 JavaThread "jar transforms Thread 264" [_thread_blocked, id=15748, stack(0x0000007c1d300000,0x0000007c1d400000)]
  0x0000022093075800 JavaThread "jar transforms Thread 263" [_thread_blocked, id=7468, stack(0x0000007c1d200000,0x0000007c1d300000)]
  0x0000022093073800 JavaThread "jar transforms Thread 262" [_thread_blocked, id=11664, stack(0x0000007c1d000000,0x0000007c1d100000)]
  0x0000022093074000 JavaThread "jar transforms Thread 261" [_thread_blocked, id=10420, stack(0x0000007c1cf00000,0x0000007c1d000000)]
  0x0000022093071000 JavaThread "jar transforms Thread 260" [_thread_blocked, id=11576, stack(0x0000007c1ce00000,0x0000007c1cf00000)]
  0x000002209306d800 JavaThread "jar transforms Thread 259" [_thread_blocked, id=15776, stack(0x0000007c1cd00000,0x0000007c1ce00000)]
  0x000002209306c800 JavaThread "jar transforms Thread 258" [_thread_blocked, id=6604, stack(0x0000007c1cc00000,0x0000007c1cd00000)]
  0x0000022093072000 JavaThread "jar transforms Thread 257" [_thread_blocked, id=15772, stack(0x0000007c1cb00000,0x0000007c1cc00000)]
  0x000002209745c000 JavaThread "jar transforms Thread 256" [_thread_blocked, id=15596, stack(0x0000007c1ca00000,0x0000007c1cb00000)]
  0x000002209745a000 JavaThread "jar transforms Thread 255" [_thread_blocked, id=4596, stack(0x0000007c1c900000,0x0000007c1ca00000)]
  0x0000022097458800 JavaThread "jar transforms Thread 254" [_thread_blocked, id=14412, stack(0x0000007c1c800000,0x0000007c1c900000)]
  0x0000022097452800 JavaThread "jar transforms Thread 253" [_thread_blocked, id=15676, stack(0x0000007c1c700000,0x0000007c1c800000)]
  0x0000022097457800 JavaThread "jar transforms Thread 252" [_thread_blocked, id=12592, stack(0x0000007c1c600000,0x0000007c1c700000)]
  0x0000022097457000 JavaThread "jar transforms Thread 251" [_thread_blocked, id=15620, stack(0x0000007c1c500000,0x0000007c1c600000)]
  0x0000022097456000 JavaThread "jar transforms Thread 250" [_thread_blocked, id=3080, stack(0x0000007c1c400000,0x0000007c1c500000)]
  0x000002209744e800 JavaThread "jar transforms Thread 249" [_thread_blocked, id=10296, stack(0x0000007c1c300000,0x0000007c1c400000)]
  0x0000022097454800 JavaThread "jar transforms Thread 248" [_thread_blocked, id=9464, stack(0x0000007c1c200000,0x0000007c1c300000)]
  0x0000022097453000 JavaThread "jar transforms Thread 247" [_thread_blocked, id=15624, stack(0x0000007c1c100000,0x0000007c1c200000)]
  0x0000022097450000 JavaThread "jar transforms Thread 246" [_thread_blocked, id=15604, stack(0x0000007c1c000000,0x0000007c1c100000)]
  0x0000022097454000 JavaThread "jar transforms Thread 245" [_thread_blocked, id=15628, stack(0x0000007c1bf00000,0x0000007c1c000000)]
  0x0000022097455800 JavaThread "jar transforms Thread 244" [_thread_blocked, id=15636, stack(0x0000007c1be00000,0x0000007c1bf00000)]
  0x0000022092a34800 JavaThread "jar transforms Thread 243" [_thread_blocked, id=15632, stack(0x0000007c1bd00000,0x0000007c1be00000)]
  0x0000022092a31000 JavaThread "jar transforms Thread 242" [_thread_blocked, id=12548, stack(0x0000007c1bc00000,0x0000007c1bd00000)]
  0x0000022092a33000 JavaThread "jar transforms Thread 241" [_thread_blocked, id=13160, stack(0x0000007c1bb00000,0x0000007c1bc00000)]
  0x0000022092a35800 JavaThread "jar transforms Thread 240" [_thread_blocked, id=2708, stack(0x0000007c1ba00000,0x0000007c1bb00000)]
  0x0000022092a2f800 JavaThread "jar transforms Thread 239" [_thread_blocked, id=11828, stack(0x0000007c1b900000,0x0000007c1ba00000)]
  0x0000022092a34000 JavaThread "jar transforms Thread 238" [_thread_blocked, id=12804, stack(0x0000007c1b800000,0x0000007c1b900000)]
  0x0000022092a30000 JavaThread "jar transforms Thread 237" [_thread_blocked, id=1244, stack(0x0000007c1b700000,0x0000007c1b800000)]
  0x0000022092a32800 JavaThread "jar transforms Thread 236" [_thread_blocked, id=8980, stack(0x0000007c1b600000,0x0000007c1b700000)]
  0x0000022092a2d000 JavaThread "jar transforms Thread 235" [_thread_blocked, id=9648, stack(0x0000007c1b500000,0x0000007c1b600000)]
  0x0000022092a28800 JavaThread "jar transforms Thread 234" [_thread_blocked, id=10304, stack(0x0000007c1b400000,0x0000007c1b500000)]
  0x0000022092a2c800 JavaThread "jar transforms Thread 233" [_thread_blocked, id=16188, stack(0x0000007c1b300000,0x0000007c1b400000)]
  0x0000022092a2a000 JavaThread "jar transforms Thread 232" [_thread_blocked, id=12240, stack(0x0000007c1b200000,0x0000007c1b300000)]
  0x0000022092a28000 JavaThread "jar transforms Thread 231" [_thread_blocked, id=10060, stack(0x0000007c1b100000,0x0000007c1b200000)]
  0x0000022092a29800 JavaThread "jar transforms Thread 230" [_thread_blocked, id=11116, stack(0x0000007c1b000000,0x0000007c1b100000)]
  0x0000022092a2b800 JavaThread "jar transforms Thread 229" [_thread_blocked, id=10768, stack(0x0000007c1af00000,0x0000007c1b000000)]
  0x0000022092a2e000 JavaThread "jar transforms Thread 228" [_thread_blocked, id=12008, stack(0x0000007c1ae00000,0x0000007c1af00000)]
  0x0000022092a2e800 JavaThread "jar transforms Thread 227" [_thread_blocked, id=15560, stack(0x0000007c1ad00000,0x0000007c1ae00000)]
  0x0000022090e77000 JavaThread "jar transforms Thread 226" [_thread_blocked, id=13696, stack(0x0000007c1ac00000,0x0000007c1ad00000)]
  0x0000022090e75800 JavaThread "jar transforms Thread 225" [_thread_blocked, id=12324, stack(0x0000007c1ab00000,0x0000007c1ac00000)]
  0x0000022090e7a000 JavaThread "jar transforms Thread 224" [_thread_blocked, id=11708, stack(0x0000007c1aa00000,0x0000007c1ab00000)]
  0x0000022090e74000 JavaThread "jar transforms Thread 223" [_thread_blocked, id=8668, stack(0x0000007c1a900000,0x0000007c1aa00000)]
  0x0000022090e74800 JavaThread "jar transforms Thread 222" [_thread_blocked, id=1148, stack(0x0000007c1a800000,0x0000007c1a900000)]
  0x0000022090e76000 JavaThread "jar transforms Thread 221" [_thread_blocked, id=10100, stack(0x0000007c1a700000,0x0000007c1a800000)]
  0x0000022090e77800 JavaThread "jar transforms Thread 220" [_thread_blocked, id=8444, stack(0x0000007c1a600000,0x0000007c1a700000)]
  0x0000022090e78800 JavaThread "jar transforms Thread 219" [_thread_blocked, id=6656, stack(0x0000007c1a500000,0x0000007c1a600000)]
  0x0000022090e6b800 JavaThread "jar transforms Thread 218" [_thread_blocked, id=7368, stack(0x0000007c1a400000,0x0000007c1a500000)]
  0x0000022090e72800 JavaThread "jar transforms Thread 217" [_thread_blocked, id=8428, stack(0x0000007c1a300000,0x0000007c1a400000)]
  0x0000022090e6d000 JavaThread "jar transforms Thread 216" [_thread_blocked, id=15424, stack(0x0000007c1a200000,0x0000007c1a300000)]
  0x0000022090e6b000 JavaThread "jar transforms Thread 215" [_thread_blocked, id=15608, stack(0x0000007c1a100000,0x0000007c1a200000)]
  0x0000022090e6e000 JavaThread "jar transforms Thread 214" [_thread_blocked, id=15572, stack(0x0000007c1a000000,0x0000007c1a100000)]
  0x0000022090e6c800 JavaThread "jar transforms Thread 213" [_thread_blocked, id=15576, stack(0x0000007c19f00000,0x0000007c1a000000)]
  0x0000022090e71000 JavaThread "jar transforms Thread 212" [_thread_blocked, id=15568, stack(0x0000007c19e00000,0x0000007c19f00000)]
  0x0000022090e6f800 JavaThread "jar transforms Thread 211" [_thread_blocked, id=8156, stack(0x0000007c19d00000,0x0000007c19e00000)]
  0x0000022090e6e800 JavaThread "jar transforms Thread 210" [_thread_blocked, id=4756, stack(0x0000007c19c00000,0x0000007c19d00000)]
  0x0000022092f85800 JavaThread "jar transforms Thread 209" [_thread_blocked, id=6148, stack(0x0000007c19b00000,0x0000007c19c00000)]
  0x0000022092f84800 JavaThread "jar transforms Thread 208" [_thread_blocked, id=14104, stack(0x0000007c19a00000,0x0000007c19b00000)]
  0x0000022092f84000 JavaThread "jar transforms Thread 207" [_thread_blocked, id=10916, stack(0x0000007c19900000,0x0000007c19a00000)]
  0x0000022092f89000 JavaThread "jar transforms Thread 206" [_thread_blocked, id=14704, stack(0x0000007c19800000,0x0000007c19900000)]
  0x0000022092f88800 JavaThread "jar transforms Thread 205" [_thread_blocked, id=8832, stack(0x0000007c19700000,0x0000007c19800000)]
  0x0000022092f7c800 JavaThread "jar transforms Thread 204" [_thread_blocked, id=4564, stack(0x0000007c19600000,0x0000007c19700000)]
  0x0000022092f83000 JavaThread "jar transforms Thread 203" [_thread_blocked, id=3736, stack(0x0000007c19500000,0x0000007c19600000)]
  0x0000022092f82800 JavaThread "jar transforms Thread 202" [_thread_blocked, id=9632, stack(0x0000007c19400000,0x0000007c19500000)]
  0x0000022092f7b000 JavaThread "jar transforms Thread 201" [_thread_blocked, id=4660, stack(0x0000007c19300000,0x0000007c19400000)]
  0x0000022092f81000 JavaThread "jar transforms Thread 200" [_thread_blocked, id=9312, stack(0x0000007c19100000,0x0000007c19200000)]
  0x0000022092f81800 JavaThread "jar transforms Thread 199" [_thread_blocked, id=11636, stack(0x0000007c19000000,0x0000007c19100000)]
  0x0000022092f7e800 JavaThread "jar transforms Thread 198" [_thread_blocked, id=3192, stack(0x0000007c18f00000,0x0000007c19000000)]
  0x0000022092f7d000 JavaThread "jar transforms Thread 197" [_thread_blocked, id=11544, stack(0x0000007c18e00000,0x0000007c18f00000)]
  0x0000022092f7b800 JavaThread "jar transforms Thread 196" [_thread_blocked, id=7452, stack(0x0000007c18d00000,0x0000007c18e00000)]
  0x0000022092f7e000 JavaThread "jar transforms Thread 195" [_thread_blocked, id=5796, stack(0x0000007c18c00000,0x0000007c18d00000)]
  0x0000022092f7a000 JavaThread "jar transforms Thread 194" [_thread_blocked, id=3352, stack(0x0000007c18b00000,0x0000007c18c00000)]
  0x0000022092f7f800 JavaThread "jar transforms Thread 193" [_thread_blocked, id=3232, stack(0x0000007c18a00000,0x0000007c18b00000)]
  0x0000022092f80000 JavaThread "jar transforms Thread 192" [_thread_blocked, id=10356, stack(0x0000007c18900000,0x0000007c18a00000)]
  0x0000022092117800 JavaThread "jar transforms Thread 191" [_thread_blocked, id=13868, stack(0x0000007c18600000,0x0000007c18700000)]
  0x0000022092117000 JavaThread "jar transforms Thread 190" [_thread_blocked, id=2736, stack(0x0000007c18500000,0x0000007c18600000)]
  0x0000022092115800 JavaThread "jar transforms Thread 189" [_thread_blocked, id=14976, stack(0x0000007c18400000,0x0000007c18500000)]
  0x0000022092114000 JavaThread "jar transforms Thread 188" [_thread_blocked, id=6596, stack(0x0000007c18300000,0x0000007c18400000)]
  0x0000022092119000 JavaThread "jar transforms Thread 187" [_thread_blocked, id=11940, stack(0x0000007c18200000,0x0000007c18300000)]
  0x0000022092118800 JavaThread "jar transforms Thread 186" [_thread_blocked, id=8280, stack(0x0000007c18100000,0x0000007c18200000)]
  0x0000022092116000 JavaThread "jar transforms Thread 185" [_thread_blocked, id=13512, stack(0x0000007c18000000,0x0000007c18100000)]
  0x000002209211a000 JavaThread "jar transforms Thread 184" [_thread_blocked, id=11456, stack(0x0000007c17f00000,0x0000007c18000000)]
  0x0000022092114800 JavaThread "jar transforms Thread 183" [_thread_blocked, id=12144, stack(0x0000007c17e00000,0x0000007c17f00000)]
  0x000002209210c800 JavaThread "jar transforms Thread 182" [_thread_blocked, id=9680, stack(0x0000007c17d00000,0x0000007c17e00000)]
  0x000002209210f800 JavaThread "jar transforms Thread 181" [_thread_blocked, id=6372, stack(0x0000007c17c00000,0x0000007c17d00000)]
  0x000002209210d000 JavaThread "jar transforms Thread 180" [_thread_blocked, id=10232, stack(0x0000007c17b00000,0x0000007c17c00000)]
  0x0000022092113000 JavaThread "jar transforms Thread 179" [_thread_blocked, id=9892, stack(0x0000007c17a00000,0x0000007c17b00000)]
  0x0000022092111800 JavaThread "jar transforms Thread 178" [_thread_blocked, id=2896, stack(0x0000007c17900000,0x0000007c17a00000)]
  0x000002209210e800 JavaThread "jar transforms Thread 177" [_thread_blocked, id=9504, stack(0x0000007c17800000,0x0000007c17900000)]
  0x0000022092111000 JavaThread "Build operations Thread 8" [_thread_blocked, id=5820, stack(0x0000007c17700000,0x0000007c17800000)]
  0x0000022092110000 JavaThread "Build operations Thread 7" [_thread_blocked, id=2336, stack(0x0000007c17600000,0x0000007c17700000)]
  0x0000022092112800 JavaThread "Build operations Thread 6" [_thread_blocked, id=9408, stack(0x0000007c17500000,0x0000007c17600000)]
  0x000002209210e000 JavaThread "Build operations Thread 5" [_thread_blocked, id=11004, stack(0x0000007c17400000,0x0000007c17500000)]
  0x0000022092105000 JavaThread "Build operations Thread 4" [_thread_blocked, id=1096, stack(0x0000007c17300000,0x0000007c17400000)]
  0x000002209210b000 JavaThread "Build operations Thread 3" [_thread_blocked, id=6888, stack(0x0000007c17200000,0x0000007c17300000)]
  0x0000022092103800 JavaThread "Build operations Thread 2" [_thread_blocked, id=1016, stack(0x0000007c17100000,0x0000007c17200000)]
  0x000002209210a000 JavaThread "Build operations" [_thread_blocked, id=7848, stack(0x0000007c17000000,0x0000007c17100000)]
  0x0000022092109800 JavaThread "Cache worker for Build Output Cleanup Cache (C:\Users\YY\Desktop\Yuan\e8100talkapp\.gradle\buildOutputCleanup)" [_thread_blocked, id=2416, stack(0x0000007c16f00000,0x0000007c17000000)]
  0x0000022092108800 JavaThread "Cache worker for cache directory md-rule (C:\Users\YY\.gradle\caches\6.6.1\md-rule)" [_thread_blocked, id=10780, stack(0x0000007c16e00000,0x0000007c16f00000)]
  0x0000022092105800 JavaThread "Cache worker for cache directory md-supplier (C:\Users\YY\.gradle\caches\6.6.1\md-supplier)" [_thread_blocked, id=3116, stack(0x0000007c16a00000,0x0000007c16b00000)]
  0x0000022092104000 JavaThread "Cache worker for checksums cache (C:\Users\YY\Desktop\Yuan\e8100talkapp\.gradle\checksums)" [_thread_blocked, id=13492, stack(0x0000007c16900000,0x0000007c16a00000)]
  0x0000022092107000 JavaThread "Cache worker for file hash cache (C:\Users\YY\Desktop\Yuan\e8100talkapp\.gradle\6.6.1\fileHashes)" [_thread_blocked, id=9436, stack(0x0000007c16800000,0x0000007c16900000)]
  0x00000220920fc000 JavaThread "Thread-256" [_thread_blocked, id=4008, stack(0x0000007c16700000,0x0000007c16800000)]
  0x0000022092102800 JavaThread "Stdin handler" [_thread_blocked, id=7300, stack(0x0000007c16600000,0x0000007c16700000)]
  0x00000220920fb000 JavaThread "Asynchronous log dispatcher for DefaultDaemonConnection: socket connection from /127.0.0.1:1140 to /127.0.0.1:1587" [_thread_blocked, id=6680, stack(0x0000007c16500000,0x0000007c16600000)]
  0x0000022092100800 JavaThread "Daemon worker Thread 3" [_thread_in_Java, id=14424, stack(0x0000007c16400000,0x0000007c16500000)]
  0x00000220920ff800 JavaThread "Cancel handler" [_thread_blocked, id=13132, stack(0x0000007c16100000,0x0000007c16200000)]
  0x00000220920ff000 JavaThread "Handler for socket connection from /127.0.0.1:1140 to /127.0.0.1:1587" [_thread_in_native, id=5776, stack(0x0000007c16000000,0x0000007c16100000)]
  0x0000022092102000 JavaThread "Daemon Thread 3" [_thread_blocked, id=10932, stack(0x0000007c14800000,0x0000007c14900000)]
  0x000002209744f800 JavaThread "Memory manager" [_thread_blocked, id=9096, stack(0x0000007c1d100000,0x0000007c1d200000)]
  0x0000022092a2b000 JavaThread "Cache worker for file content cache (C:\Users\YY\.gradle\caches\6.6.1\fileContent)" [_thread_blocked, id=4092, stack(0x0000007c18800000,0x0000007c18900000)]
  0x0000022090e79000 JavaThread "Cache worker for execution history cache (C:\Users\YY\.gradle\caches\6.6.1\executionHistory)" [_thread_blocked, id=8268, stack(0x0000007c18700000,0x0000007c18800000)]
  0x00000220fdbc7800 JavaThread "Cache worker for journal cache (C:\Users\YY\.gradle\caches\journal-1)" [_thread_blocked, id=12232, stack(0x0000007c16d00000,0x0000007c16e00000)]
  0x00000220fdbc6800 JavaThread "File lock request listener" [_thread_in_native, id=3624, stack(0x0000007c16c00000,0x0000007c16d00000)]
  0x00000220fdbc4800 JavaThread "Cache worker for file hash cache (C:\Users\YY\.gradle\caches\6.6.1\fileHashes)" [_thread_blocked, id=6248, stack(0x0000007c16b00000,0x0000007c16c00000)]
  0x000002208fe89800 JavaThread "Daemon periodic checks" [_thread_blocked, id=12980, stack(0x0000007c16300000,0x0000007c16400000)]
  0x000002208fe8f000 JavaThread "Incoming local TCP Connector on port 1140" [_thread_in_native, id=6880, stack(0x0000007c16200000,0x0000007c16300000)]
  0x00000220fef45800 JavaThread "Daemon health stats" [_thread_blocked, id=8264, stack(0x0000007c15f00000,0x0000007c16000000)]
  0x00000220feed1000 JavaThread "Service Thread" daemon [_thread_blocked, id=13712, stack(0x0000007c15d00000,0x0000007c15e00000)]
  0x00000220fdbc8000 JavaThread "C1 CompilerThread3" daemon [_thread_blocked, id=3248, stack(0x0000007c15c00000,0x0000007c15d00000)]
=>0x00000220fdbb6800 JavaThread "C2 CompilerThread2" daemon [_thread_in_native, id=9912, stack(0x0000007c15b00000,0x0000007c15c00000)]
  0x00000220fdbb0000 JavaThread "C2 CompilerThread1" daemon [_thread_in_native, id=7780, stack(0x0000007c15a00000,0x0000007c15b00000)]
  0x00000220fdba2000 JavaThread "C2 CompilerThread0" daemon [_thread_in_native, id=14068, stack(0x0000007c15900000,0x0000007c15a00000)]
  0x00000220fdb4c000 JavaThread "Attach Listener" daemon [_thread_blocked, id=10116, stack(0x0000007c15800000,0x0000007c15900000)]
  0x00000220fdb4b800 JavaThread "Signal Dispatcher" daemon [_thread_blocked, id=14548, stack(0x0000007c15700000,0x0000007c15800000)]
  0x00000220fcf1c000 JavaThread "Finalizer" daemon [_thread_blocked, id=8664, stack(0x0000007c15600000,0x0000007c15700000)]
  0x00000220fdb1a000 JavaThread "Reference Handler" daemon [_thread_blocked, id=12112, stack(0x0000007c15500000,0x0000007c15600000)]
  0x00000220f5e23000 JavaThread "main" [_thread_blocked, id=13452, stack(0x0000007c14b00000,0x0000007c14c00000)]

Other Threads:
  0x00000220fcf19800 VMThread [stack: 0x0000007c15400000,0x0000007c15500000] [id=14500]
  0x00000220feeec000 WatcherThread [stack: 0x0000007c15e00000,0x0000007c15f00000] [id=15120]

VM state:not at safepoint (normal execution)

VM Mutex/Monitor currently owned by a thread: None

heap address: 0x0000000080000000, size: 2048 MB, Compressed Oops mode: 32-bit
Narrow klass base: 0x0000000000000000, Narrow klass shift: 3
Compressed class space size: 1073741824 Address: 0x0000000100000000

Heap:
 PSYoungGen      total 643072K, used 451602K [0x00000000d5580000, 0x0000000100000000, 0x0000000100000000)
  eden space 615936K, 68% used [0x00000000d5580000,0x00000000ef4078c8,0x00000000faf00000)
  from space 27136K, 99% used [0x00000000fe580000,0x00000000ffffd258,0x0000000100000000)
  to   space 41472K, 0% used [0x00000000faf00000,0x00000000faf00000,0x00000000fd780000)
 ParOldGen       total 227328K, used 109719K [0x0000000080000000, 0x000000008de00000, 0x00000000d5580000)
  object space 227328K, 48% used [0x0000000080000000,0x0000000086b25c88,0x000000008de00000)
 Metaspace       used 115266K, capacity 121110K, committed 121472K, reserved 1155072K
  class space    used 15000K, capacity 16122K, committed 16256K, reserved 1048576K

Card table byte_map: [0x00000220f7b60000,0x00000220f7f70000] byte_map_base: 0x00000220f7760000

Marking Bits: (ParMarkBitMap*) 0x000000006fc57fe0
 Begin Bits: [0x00000220f8220000, 0x00000220fa220000)
 End Bits:   [0x00000220fa220000, 0x00000220fc220000)

Polling page: 0x00000220f5f60000

CodeCache: size=245760Kb used=61164Kb max_used=61463Kb free=184595Kb
 bounds [0x0000022080000000, 0x0000022083c70000, 0x000002208f000000]
 total_blobs=18196 nmethods=17228 adapters=879
 compilation: enabled

Compilation events (10 events):
Event: 529.927 Thread 0x00000220fdbc8000 21786       1       org.gradle.api.internal.artifacts.ivyservice.ivyresolve.BaseModuleComponentRepository::getLocalAccess (5 bytes)
Event: 529.928 Thread 0x00000220fdbc8000 nmethod 21786 0x0000022083c1f550 code [0x0000022083c1f6a0, 0x0000022083c1f7b8]
Event: 529.928 Thread 0x00000220fdbc8000 21787       1       org.gradle.api.internal.artifacts.ivyservice.ivyresolve.BaseModuleComponentRepository::getRemoteAccess (5 bytes)
Event: 529.928 Thread 0x00000220fdbc8000 nmethod 21787 0x00000220811d6f50 code [0x00000220811d70a0, 0x00000220811d71b8]
Event: 529.928 Thread 0x00000220fdba2000 21788       4       org.gradle.api.internal.collections.AbstractIterationOrderRetainingElementSource::isEmpty (10 bytes)
Event: 529.929 Thread 0x00000220fdba2000 nmethod 21788 0x00000220811d6c90 code [0x00000220811d6de0, 0x00000220811d6e78]
Event: 529.931 Thread 0x00000220fdba2000 21789       4       org.gradle.api.internal.DefaultDomainObjectSet_Decorated::isEmpty (45 bytes)
Event: 529.932 Thread 0x00000220fdba2000 nmethod 21789 0x00000220819c3950 code [0x00000220819c3aa0, 0x00000220819c3b38]
Event: 529.934 Thread 0x00000220fdbc8000 21790       3       org.gradle.api.internal.DefaultDomainObjectCollection::size (10 bytes)
Event: 529.934 Thread 0x00000220fdbc8000 nmethod 21790 0x000002208339eb50 code [0x000002208339ecc0, 0x000002208339eef0]

GC Heap History (10 events):
Event: 71.546 GC heap before
{Heap before GC invocations=24 (full 3):
 PSYoungGen      total 681984K, used 665715K [0x00000000d5580000, 0x00000000fff00000, 0x0000000100000000)
  eden space 667136K, 99% used [0x00000000d5580000,0x00000000fdf9cd40,0x00000000fe100000)
  from space 14848K, 0% used [0x00000000ff080000,0x00000000ff080000,0x00000000fff00000)
  to   space 15360K, 0% used [0x00000000fe100000,0x00000000fe100000,0x00000000ff000000)
 ParOldGen       total 115200K, used 32827K [0x0000000080000000, 0x0000000087080000, 0x00000000d5580000)
  object space 115200K, 28% used [0x0000000080000000,0x000000008200ecc0,0x0000000087080000)
 Metaspace       used 81796K, capacity 86816K, committed 86912K, reserved 1124352K
  class space    used 11117K, capacity 12064K, committed 12160K, reserved 1048576K
Event: 71.621 GC heap after
Heap after GC invocations=24 (full 3):
 PSYoungGen      total 682496K, used 15355K [0x00000000d5580000, 0x0000000100000000, 0x0000000100000000)
  eden space 667136K, 0% used [0x00000000d5580000,0x00000000d5580000,0x00000000fe100000)
  from space 15360K, 99% used [0x00000000fe100000,0x00000000feffef30,0x00000000ff000000)
  to   space 16384K, 0% used [0x00000000ff000000,0x00000000ff000000,0x0000000100000000)
 ParOldGen       total 115200K, used 61612K [0x0000000080000000, 0x0000000087080000, 0x00000000d5580000)
  object space 115200K, 53% used [0x0000000080000000,0x0000000083c2b2e0,0x0000000087080000)
 Metaspace       used 81796K, capacity 86816K, committed 86912K, reserved 1124352K
  class space    used 11117K, capacity 12064K, committed 12160K, reserved 1048576K
}
Event: 74.128 GC heap before
{Heap before GC invocations=25 (full 3):
 PSYoungGen      total 682496K, used 682491K [0x00000000d5580000, 0x0000000100000000, 0x0000000100000000)
  eden space 667136K, 100% used [0x00000000d5580000,0x00000000fe100000,0x00000000fe100000)
  from space 15360K, 99% used [0x00000000fe100000,0x00000000feffef30,0x00000000ff000000)
  to   space 16384K, 0% used [0x00000000ff000000,0x00000000ff000000,0x0000000100000000)
 ParOldGen       total 115200K, used 61612K [0x0000000080000000, 0x0000000087080000, 0x00000000d5580000)
  object space 115200K, 53% used [0x0000000080000000,0x0000000083c2b2e0,0x0000000087080000)
 Metaspace       used 85423K, capacity 90482K, committed 90624K, reserved 1128448K
  class space    used 11556K, capacity 12501K, committed 12544K, reserved 1048576K
Event: 74.158 GC heap after
Heap after GC invocations=25 (full 3):
 PSYoungGen      total 660992K, used 10030K [0x00000000d5580000, 0x0000000100000000, 0x0000000100000000)
  eden space 644608K, 0% used [0x00000000d5580000,0x00000000d5580000,0x00000000fcb00000)
  from space 16384K, 61% used [0x00000000ff000000,0x00000000ff9cbba0,0x0000000100000000)
  to   space 27136K, 0% used [0x00000000fcb00000,0x00000000fcb00000,0x00000000fe580000)
 ParOldGen       total 115200K, used 76978K [0x0000000080000000, 0x0000000087080000, 0x00000000d5580000)
  object space 115200K, 66% used [0x0000000080000000,0x0000000084b2cb80,0x0000000087080000)
 Metaspace       used 85423K, capacity 90482K, committed 90624K, reserved 1128448K
  class space    used 11556K, capacity 12501K, committed 12544K, reserved 1048576K
}
Event: 110.270 GC heap before
{Heap before GC invocations=26 (full 3):
 PSYoungGen      total 660992K, used 584361K [0x00000000d5580000, 0x0000000100000000, 0x0000000100000000)
  eden space 644608K, 89% used [0x00000000d5580000,0x00000000f865ec38,0x00000000fcb00000)
  from space 16384K, 61% used [0x00000000ff000000,0x00000000ff9cbba0,0x0000000100000000)
  to   space 27136K, 0% used [0x00000000fcb00000,0x00000000fcb00000,0x00000000fe580000)
 ParOldGen       total 115200K, used 76978K [0x0000000080000000, 0x0000000087080000, 0x00000000d5580000)
  object space 115200K, 66% used [0x0000000080000000,0x0000000084b2cb80,0x0000000087080000)
 Metaspace       used 92916K, capacity 98362K, committed 98496K, reserved 1134592K
  class space    used 12429K, capacity 13474K, committed 13568K, reserved 1048576K
Event: 110.327 GC heap after
Heap after GC invocations=26 (full 3):
 PSYoungGen      total 671744K, used 27117K [0x00000000d5580000, 0x0000000100000000, 0x0000000100000000)
  eden space 644608K, 0% used [0x00000000d5580000,0x00000000d5580000,0x00000000fcb00000)
  from space 27136K, 99% used [0x00000000fcb00000,0x00000000fe57b568,0x00000000fe580000)
  to   space 27136K, 0% used [0x00000000fe580000,0x00000000fe580000,0x0000000100000000)
 ParOldGen       total 115200K, used 90026K [0x0000000080000000, 0x0000000087080000, 0x00000000d5580000)
  object space 115200K, 78% used [0x0000000080000000,0x00000000857eaa20,0x0000000087080000)
 Metaspace       used 92916K, capacity 98362K, committed 98496K, reserved 1134592K
  class space    used 12429K, capacity 13474K, committed 13568K, reserved 1048576K
}
Event: 110.327 GC heap before
{Heap before GC invocations=27 (full 4):
 PSYoungGen      total 671744K, used 27117K [0x00000000d5580000, 0x0000000100000000, 0x0000000100000000)
  eden space 644608K, 0% used [0x00000000d5580000,0x00000000d5580000,0x00000000fcb00000)
  from space 27136K, 99% used [0x00000000fcb00000,0x00000000fe57b568,0x00000000fe580000)
  to   space 27136K, 0% used [0x00000000fe580000,0x00000000fe580000,0x0000000100000000)
 ParOldGen       total 115200K, used 90026K [0x0000000080000000, 0x0000000087080000, 0x00000000d5580000)
  object space 115200K, 78% used [0x0000000080000000,0x00000000857eaa20,0x0000000087080000)
 Metaspace       used 92916K, capacity 98362K, committed 98496K, reserved 1134592K
  class space    used 12429K, capacity 13474K, committed 13568K, reserved 1048576K
Event: 111.073 GC heap after
Heap after GC invocations=27 (full 4):
 PSYoungGen      total 671744K, used 0K [0x00000000d5580000, 0x0000000100000000, 0x0000000100000000)
  eden space 644608K, 0% used [0x00000000d5580000,0x00000000d5580000,0x00000000fcb00000)
  from space 27136K, 0% used [0x00000000fcb00000,0x00000000fcb00000,0x00000000fe580000)
  to   space 27136K, 0% used [0x00000000fe580000,0x00000000fe580000,0x0000000100000000)
 ParOldGen       total 227328K, used 104426K [0x0000000080000000, 0x000000008de00000, 0x00000000d5580000)
  object space 227328K, 45% used [0x0000000080000000,0x00000000865fabf0,0x000000008de00000)
 Metaspace       used 92305K, capacity 96636K, committed 98496K, reserved 1134592K
  class space    used 12230K, capacity 13093K, committed 13568K, reserved 1048576K
}
Event: 385.450 GC heap before
{Heap before GC invocations=28 (full 4):
 PSYoungGen      total 671744K, used 644608K [0x00000000d5580000, 0x0000000100000000, 0x0000000100000000)
  eden space 644608K, 100% used [0x00000000d5580000,0x00000000fcb00000,0x00000000fcb00000)
  from space 27136K, 0% used [0x00000000fcb00000,0x00000000fcb00000,0x00000000fe580000)
  to   space 27136K, 0% used [0x00000000fe580000,0x00000000fe580000,0x0000000100000000)
 ParOldGen       total 227328K, used 104426K [0x0000000080000000, 0x000000008de00000, 0x00000000d5580000)
  object space 227328K, 45% used [0x0000000080000000,0x00000000865fabf0,0x000000008de00000)
 Metaspace       used 103750K, capacity 108634K, committed 109312K, reserved 1144832K
  class space    used 13445K, capacity 14382K, committed 14592K, reserved 1048576K
Event: 386.480 GC heap after
Heap after GC invocations=28 (full 4):
 PSYoungGen      total 643072K, used 27124K [0x00000000d5580000, 0x0000000100000000, 0x0000000100000000)
  eden space 615936K, 0% used [0x00000000d5580000,0x00000000d5580000,0x00000000faf00000)
  from space 27136K, 99% used [0x00000000fe580000,0x00000000ffffd258,0x0000000100000000)
  to   space 41472K, 0% used [0x00000000faf00000,0x00000000faf00000,0x00000000fd780000)
 ParOldGen       total 227328K, used 109719K [0x0000000080000000, 0x000000008de00000, 0x00000000d5580000)
  object space 227328K, 48% used [0x0000000080000000,0x0000000086b25c88,0x000000008de00000)
 Metaspace       used 103750K, capacity 108634K, committed 109312K, reserved 1144832K
  class space    used 13445K, capacity 14382K, committed 14592K, reserved 1048576K
}

Deoptimization events (10 events):
Event: 524.513 Thread 0x0000022092100800 Uncommon trap: reason=class_check action=maybe_recompile pc=0x0000022081fe5830 method=java.util.Collections$SetFromMap.<init>(Ljava/util/Map;)V @ 5
Event: 524.513 Thread 0x0000022092100800 Uncommon trap: reason=class_check action=maybe_recompile pc=0x0000022081fe5830 method=java.util.Collections$SetFromMap.<init>(Ljava/util/Map;)V @ 5
Event: 524.514 Thread 0x0000022092100800 Uncommon trap: reason=class_check action=maybe_recompile pc=0x0000022081fe5830 method=java.util.Collections$SetFromMap.<init>(Ljava/util/Map;)V @ 5
Event: 525.099 Thread 0x0000022092100800 Uncommon trap: reason=class_check action=maybe_recompile pc=0x00000220829f5d30 method=org.gradle.cache.internal.LockOnDemandCrossProcessCacheAccess.incrementLockCount()V @ 97
Event: 526.382 Thread 0x0000022092100800 Uncommon trap: reason=class_check action=maybe_recompile pc=0x0000022080e6ab6c method=org.gradle.internal.fingerprint.FingerprintHashingStrategy.appendCollectionToHasherKeepingOrder(Lorg/gradle/internal/hash/Hasher;Ljava/util/Collection;)V @ 1
Event: 526.762 Thread 0x0000022092100800 Uncommon trap: reason=class_check action=maybe_recompile pc=0x0000022083bbd6c8 method=com.google.common.collect.Iterables.castOrCopyToCollection(Ljava/lang/Iterable;)Ljava/util/Collection; @ 1
Event: 526.771 Thread 0x0000022092100800 Uncommon trap: reason=class_check action=maybe_recompile pc=0x0000022083bbd6c8 method=com.google.common.collect.Iterables.castOrCopyToCollection(Ljava/lang/Iterable;)Ljava/util/Collection; @ 1
Event: 526.819 Thread 0x0000022092100800 Uncommon trap: reason=class_check action=maybe_recompile pc=0x0000022083bbd6c8 method=com.google.common.collect.Iterables.castOrCopyToCollection(Ljava/lang/Iterable;)Ljava/util/Collection; @ 1
Event: 528.417 Thread 0x0000022092110000 Uncommon trap: reason=unstable_if action=reinterpret pc=0x00000220821f1be8 method=java.util.concurrent.ConcurrentLinkedQueue.poll()Ljava/lang/Object; @ 74
Event: 528.584 Thread 0x0000022092112800 Uncommon trap: reason=unstable_if action=reinterpret pc=0x000002208053bcf0 method=java.util.concurrent.ConcurrentHashMap.putVal(Ljava/lang/Object;Ljava/lang/Object;Z)Ljava/lang/Object; @ 147

Classes redefined (0 events):
No events

Internal exceptions (10 events):
Event: 392.989 Thread 0x0000022097457000 Exception <a 'java/lang/reflect/InvocationTargetException'> (0x00000000d78b0910) thrown at [C:\jenkins\workspace\8-2-build-windows-amd64-cygwin\jdk8u301\1513\hotspot\src\share\vm\runtime\reflection.cpp, line 1092]
Event: 393.040 Thread 0x0000022090e6e800 Exception <a 'java/lang/NoSuchMethodError': <clinit>> (0x00000000d55dbde8) thrown at [C:\jenkins\workspace\8-2-build-windows-amd64-cygwin\jdk8u301\1513\hotspot\src\share\vm\prims\jni.cpp, line 1615]
Event: 393.046 Thread 0x0000022090e6e800 Exception <a 'java/lang/NoSuchMethodError': <clinit>> (0x00000000d55e5368) thrown at [C:\jenkins\workspace\8-2-build-windows-amd64-cygwin\jdk8u301\1513\hotspot\src\share\vm\prims\jni.cpp, line 1615]
Event: 393.288 Thread 0x000002209210c800 Exception <a 'sun/nio/fs/WindowsException'> (0x00000000e7861800) thrown at [C:\jenkins\workspace\8-2-build-windows-amd64-cygwin\jdk8u301\1513\hotspot\src\share\vm\prims\jni.cpp, line 710]
Event: 393.342 Thread 0x000002209210c800 Exception <a 'sun/nio/fs/WindowsException'> (0x00000000e7acd8b8) thrown at [C:\jenkins\workspace\8-2-build-windows-amd64-cygwin\jdk8u301\1513\hotspot\src\share\vm\prims\jni.cpp, line 710]
Event: 393.356 Thread 0x000002209210c800 Exception <a 'sun/nio/fs/WindowsException'> (0x00000000e7aeac10) thrown at [C:\jenkins\workspace\8-2-build-windows-amd64-cygwin\jdk8u301\1513\hotspot\src\share\vm\prims\jni.cpp, line 710]
Event: 393.361 Thread 0x000002209210c800 Exception <a 'sun/nio/fs/WindowsException'> (0x00000000e7b57fa0) thrown at [C:\jenkins\workspace\8-2-build-windows-amd64-cygwin\jdk8u301\1513\hotspot\src\share\vm\prims\jni.cpp, line 710]
Event: 393.361 Thread 0x000002209210c800 Exception <a 'sun/nio/fs/WindowsException'> (0x00000000e7b58970) thrown at [C:\jenkins\workspace\8-2-build-windows-amd64-cygwin\jdk8u301\1513\hotspot\src\share\vm\prims\jni.cpp, line 710]
Event: 394.099 Thread 0x0000022090e6f800 Exception <a 'sun/nio/fs/WindowsException'> (0x00000000e80d5860) thrown at [C:\jenkins\workspace\8-2-build-windows-amd64-cygwin\jdk8u301\1513\hotspot\src\share\vm\prims\jni.cpp, line 710]
Event: 394.103 Thread 0x0000022090e6f800 Exception <a 'sun/nio/fs/WindowsException'> (0x00000000e80d7530) thrown at [C:\jenkins\workspace\8-2-build-windows-amd64-cygwin\jdk8u301\1513\hotspot\src\share\vm\prims\jni.cpp, line 710]

Events (10 events):
Event: 528.289 Thread 0x00000220fdbc8000 flushing nmethod 0x0000022083bc4950
Event: 528.289 Thread 0x00000220fdbc8000 flushing nmethod 0x0000022083bf0cd0
Event: 528.289 Thread 0x00000220fdbc8000 flushing nmethod 0x0000022083bf4610
Event: 528.289 Thread 0x00000220fdbc8000 flushing nmethod 0x0000022083bfadd0
Event: 528.414 Thread 0x0000022092110000 Uncommon trap: trap_request=0xffffff65 fr.pc=0x00000220821f1be8
Event: 528.418 Thread 0x0000022092110000 DEOPT PACKING pc=0x00000220821f1be8 sp=0x0000007c176fdf00
Event: 528.420 Thread 0x0000022092110000 DEOPT UNPACKING pc=0x0000022080045843 sp=0x0000007c176fdd08 mode 2
Event: 528.584 Thread 0x0000022092112800 Uncommon trap: trap_request=0xffffff65 fr.pc=0x000002208053bcf0
Event: 528.584 Thread 0x0000022092112800 DEOPT PACKING pc=0x000002208053bcf0 sp=0x0000007c175fe6f0
Event: 528.584 Thread 0x0000022092112800 DEOPT UNPACKING pc=0x0000022080045843 sp=0x0000007c175fe678 mode 2


Dynamic libraries:
0x00007ff6c3b80000 - 0x00007ff6c3bc7000 	C:\Program Files\Java\jdk1.8.0_301\bin\java.exe
0x00007ffe4e8b0000 - 0x00007ffe4eaa5000 	C:\WINDOWS\SYSTEM32\ntdll.dll
0x00007ffe4e550000 - 0x00007ffe4e60e000 	C:\WINDOWS\System32\KERNEL32.DLL
0x00007ffe4c190000 - 0x00007ffe4c459000 	C:\WINDOWS\System32\KERNELBASE.dll
0x00007ffe4e720000 - 0x00007ffe4e7cc000 	C:\WINDOWS\System32\ADVAPI32.dll
0x00007ffe4e7d0000 - 0x00007ffe4e86e000 	C:\WINDOWS\System32\msvcrt.dll
0x00007ffe4d010000 - 0x00007ffe4d0ab000 	C:\WINDOWS\System32\sechost.dll
0x00007ffe4d970000 - 0x00007ffe4da9a000 	C:\WINDOWS\System32\RPCRT4.dll
0x00007ffe4db00000 - 0x00007ffe4dca1000 	C:\WINDOWS\System32\USER32.dll
0x00007ffe4c160000 - 0x00007ffe4c182000 	C:\WINDOWS\System32\win32u.dll
0x00007ffe4dff0000 - 0x00007ffe4e01b000 	C:\WINDOWS\System32\GDI32.dll
0x00007ffe4c590000 - 0x00007ffe4c69b000 	C:\WINDOWS\System32\gdi32full.dll
0x00007ffe4c490000 - 0x00007ffe4c52d000 	C:\WINDOWS\System32\msvcp_win.dll
0x00007ffe4c6a0000 - 0x00007ffe4c7a0000 	C:\WINDOWS\System32\ucrtbase.dll
0x00007ffe32fb0000 - 0x00007ffe3324a000 	C:\WINDOWS\WinSxS\amd64_microsoft.windows.common-controls_6595b64144ccf1df_6.0.19041.1110_none_60b5254171f9507e\COMCTL32.dll
0x00007ffe4e020000 - 0x00007ffe4e050000 	C:\WINDOWS\System32\IMM32.DLL
0x00007ffe46630000 - 0x00007ffe46645000 	C:\Program Files\Java\jdk1.8.0_301\jre\bin\vcruntime140.dll
0x00007ffe45ea0000 - 0x00007ffe45f3b000 	C:\Program Files\Java\jdk1.8.0_301\jre\bin\msvcp140.dll
0x000000006f470000 - 0x000000006fcd0000 	C:\Program Files\Java\jdk1.8.0_301\jre\bin\server\jvm.dll
0x00007ffe4e0f0000 - 0x00007ffe4e0f8000 	C:\WINDOWS\System32\PSAPI.DLL
0x00007ffe49440000 - 0x00007ffe49467000 	C:\WINDOWS\SYSTEM32\WINMM.dll
0x00007ffe34620000 - 0x00007ffe34629000 	C:\WINDOWS\SYSTEM32\WSOCK32.dll
0x00007ffe42290000 - 0x00007ffe4229a000 	C:\WINDOWS\SYSTEM32\VERSION.dll
0x00007ffe4e180000 - 0x00007ffe4e1eb000 	C:\WINDOWS\System32\WS2_32.dll
0x00007ffe4a880000 - 0x00007ffe4a892000 	C:\WINDOWS\SYSTEM32\kernel.appcore.dll
0x00007ffe46e90000 - 0x00007ffe46ea0000 	C:\Program Files\Java\jdk1.8.0_301\jre\bin\verify.dll
0x00007ffe45370000 - 0x00007ffe4539b000 	C:\Program Files\Java\jdk1.8.0_301\jre\bin\java.dll
0x00007ffe45350000 - 0x00007ffe45368000 	C:\Program Files\Java\jdk1.8.0_301\jre\bin\zip.dll
0x00007ffe4d230000 - 0x00007ffe4d96f000 	C:\WINDOWS\System32\SHELL32.dll
0x00007ffe49bb0000 - 0x00007ffe4a340000 	C:\WINDOWS\SYSTEM32\windows.storage.dll
0x00007ffe4e1f0000 - 0x00007ffe4e545000 	C:\WINDOWS\System32\combase.dll
0x00007ffe4b950000 - 0x00007ffe4b97c000 	C:\WINDOWS\SYSTEM32\Wldp.dll
0x00007ffe4de60000 - 0x00007ffe4df0e000 	C:\WINDOWS\System32\SHCORE.dll
0x00007ffe4d1d0000 - 0x00007ffe4d225000 	C:\WINDOWS\System32\shlwapi.dll
0x00007ffe4bf10000 - 0x00007ffe4bf2f000 	C:\WINDOWS\SYSTEM32\profapi.dll
0x00007ffe45330000 - 0x00007ffe4534c000 	C:\Program Files\Java\jdk1.8.0_301\jre\bin\net.dll
0x00007ffe4b6b0000 - 0x00007ffe4b71a000 	C:\WINDOWS\system32\mswsock.dll
0x00007ffe45310000 - 0x00007ffe45323000 	C:\Program Files\Java\jdk1.8.0_301\jre\bin\nio.dll
0x00007ffe1ca60000 - 0x00007ffe1ca87000 	C:\Users\YY\.gradle\native\9f2fa17c089eee584f3420100432f77ec4c098959e4bf121a4d6054c26537dfb\windows-amd64\native-platform.dll
0x00007ffe3e600000 - 0x00007ffe3e60d000 	C:\Program Files\Java\jdk1.8.0_301\jre\bin\management.dll
0x00007ffe4b8a0000 - 0x00007ffe4b8b8000 	C:\WINDOWS\SYSTEM32\CRYPTSP.dll
0x00007ffe4b030000 - 0x00007ffe4b064000 	C:\WINDOWS\system32\rsaenh.dll
0x00007ffe4c460000 - 0x00007ffe4c487000 	C:\WINDOWS\System32\bcrypt.dll
0x00007ffe4bed0000 - 0x00007ffe4befe000 	C:\WINDOWS\SYSTEM32\USERENV.dll
0x00007ffe4c080000 - 0x00007ffe4c103000 	C:\WINDOWS\System32\bcryptprimitives.dll
0x00007ffe4b8c0000 - 0x00007ffe4b8cc000 	C:\WINDOWS\SYSTEM32\CRYPTBASE.dll
0x00007ffe4b3a0000 - 0x00007ffe4b3db000 	C:\WINDOWS\SYSTEM32\IPHLPAPI.DLL
0x00007ffe4e050000 - 0x00007ffe4e058000 	C:\WINDOWS\System32\NSI.dll
0x00007ffe44360000 - 0x00007ffe44377000 	C:\WINDOWS\SYSTEM32\dhcpcsvc6.DLL
0x00007ffe445e0000 - 0x00007ffe445fd000 	C:\WINDOWS\SYSTEM32\dhcpcsvc.DLL
0x00007ffe4b3e0000 - 0x00007ffe4b4ac000 	C:\WINDOWS\SYSTEM32\DNSAPI.dll
0x00007ffe451b0000 - 0x00007ffe451bb000 	C:\WINDOWS\SYSTEM32\WINNSI.DLL
0x00007ffe07c00000 - 0x00007ffe07d96000 	C:\Users\YY\.gradle\native\9f2fa17c089eee584f3420100432f77ec4c098959e4bf121a4d6054c26537dfb\windows-amd64\native-platform-file-events.dll
0x00007ffe29360000 - 0x00007ffe29384000 	C:\Program Files\Java\jdk1.8.0_301\jre\bin\sunec.dll
0x00007ffe434e0000 - 0x00007ffe434ea000 	C:\Windows\System32\rasadhlp.dll
0x00007ffe3ea80000 - 0x00007ffe3eaff000 	C:\WINDOWS\System32\fwpuclnt.dll
0x00007ffe2d820000 - 0x00007ffe2d82d000 	C:\Program Files\Java\jdk1.8.0_301\jre\bin\sunmscapi.dll
0x00007ffe4c7a0000 - 0x00007ffe4c8f6000 	C:\WINDOWS\System32\CRYPT32.dll
0x00007ffe4b9c0000 - 0x00007ffe4b9e7000 	C:\WINDOWS\SYSTEM32\ncrypt.dll
0x00007ffe4b980000 - 0x00007ffe4b9bb000 	C:\WINDOWS\SYSTEM32\NTASN1.dll
0x00007ffe4aca0000 - 0x00007ffe4acd3000 	C:\WINDOWS\SYSTEM32\ntmarta.dll
0x00007ffe4a410000 - 0x00007ffe4a5f4000 	C:\WINDOWS\SYSTEM32\dbghelp.dll

VM Arguments:
jvm_args: -Xmx2048m -Dfile.encoding=UTF-8 -Duser.country=CN -Duser.language=zh -Duser.variant 
java_command: org.gradle.launcher.daemon.bootstrap.GradleDaemon 6.6.1
java_class_path (initial): C:\Users\YY\.gradle\wrapper\dists\gradle-6.6.1-all\ejrtlte9hlw8v6ii20a9584rs\gradle-6.6.1\lib\gradle-launcher-6.6.1.jar
Launcher Type: SUN_STANDARD

Environment Variables:
JAVA_HOME=C:\Program Files\Java\jdk1.8.0_301
CLASSPATH=.;C:\Program Files\Java\jdk1.8.0_301\lib\dt.jar;C:\Program Files\Java\jdk1.8.0_301\lib\tools.jar;
PATH=C:\Program Files (x86)\Common Files\Oracle\Java\javapath;C:\WINDOWS\system32;C:\WINDOWS;C:\WINDOWS\System32\Wbem;C:\WINDOWS\System32\WindowsPowerShell\v1.0\;C:\WINDOWS\System32\OpenSSH\;C:\Program Files\Intel\WiFi\bin\;C:\Program Files\Common Files\Intel\WirelessCommon\;D:\TortoiseSVN\bin;D:\Git\cmd;D:\Android\SDK\platform-tools;D:\Android\SDK\tools;C:\Program Files\Java\jdk1.8.0_301\bin;C:\Program Files\Java\jdk1.8.0_301\jre\bin;C:\Users\YY\AppData\Local\Microsoft\WindowsApps;D:\phpstudy_pro\Extensions\php\php7.3.4nts;D:\phpstudy_pro\Extensions\Nginx1.15.11;D:\phpstudy_pro\Extensions\MySQL5.7.26\bin;D:\phpstudy_pro\Extensions\Apache2.4.39\bin;D:\phpstudy_pro\Extensions\composer1.8.5;D:\phpstudy_pro\Extensions\redis3.0.504;;D:\Program Files\Microsoft VS Code\bin;D:\Program Files\Fiddler
USERNAME=YY
OS=Windows_NT
PROCESSOR_IDENTIFIER=AMD64 Family 23 Model 24 Stepping 1, AuthenticAMD



---------------  S Y S T E M  ---------------

OS: Windows 10.0 , 64 bit Build 19041 (10.0.19041.1202)

CPU:total 8 (initial active 8) (8 cores per cpu, 1 threads per core) family 23 model 24 stepping 1, cmov, cx8, fxsr, mmx, sse, sse2, sse3, ssse3, sse4.1, sse4.2, popcnt, avx, avx2, aes, clmul, mmxext, 3dnowpref, lzcnt, sse4a, tsc, tscinvbit, tscinv, bmi1

Memory: 4k page, physical 7277196k(206128k free), swap 17762952k(4316k free)

vm_info: Java HotSpot(TM) 64-Bit Server VM (25.301-b09) for windows-amd64 JRE (1.8.0_301-b09), built on Jun  9 2021 06:46:21 by "java_re" with MS VC++ 15.9 (VS2017)

time: Fri Sep 24 12:22:58 2021
timezone: 中国标准时间
elapsed time: 530.024066 seconds (0d 0h 8m 50s)

